2025-04-16T07:35:45.602Z - Iniciando o agendador de publicação de posts...
2025-04-16T07:35:45.605Z - Executando publicação imediatamente por solicitação da linha de comando
2025-04-16T07:35:45.613Z - Agendador iniciado. Posts serão publicados automaticamente às 8:00 da manhã todos os dias.
2025-04-16T07:35:45.613Z - Use 'npx ts-node src/scripts/cron-scheduler.ts --run-now' para executar manualmente.
2025-04-16T07:35:46.991Z - Saída do script:
Iniciando verificação de posts agendados para 2025-04-16...
Nenhum post para publicar hoje.

2025-04-16T07:35:46.991Z - Execução manual concluída com sucesso
2025-04-16T07:38:25.075Z - Iniciando o agendador de publicação de posts...
2025-04-16T07:38:25.078Z - Executando publicação imediatamente por solicitação da linha de comando
2025-04-16T07:38:25.085Z - Agendador iniciado. Posts serão publicados automaticamente às 8:00 da manhã todos os dias.
2025-04-16T07:38:25.085Z - Use 'npx ts-node src/scripts/cron-scheduler.ts --run-now' para executar manualmente.
2025-04-16T07:38:26.830Z - Saída do script:
Iniciando verificação de posts agendados para 2025-04-16...
Publicando 1 post para hoje: "A Era de Ouro dos Arcades: O Fenômeno Cultural dos Anos 80"
Post "A Era de Ouro dos Arcades: O Fenômeno Cultural dos Anos 80" inserido com sucesso no Supabase com ID: ac25f44a-6914-4987-a4e2-f7012539db7d
Arquivo 2025-W18.json atualizado, post marcado como publicado.
Publicação concluída com sucesso. 1 post publicado.

2025-04-16T07:38:26.830Z - Execução manual concluída com sucesso
2025-04-16T07:42:14.555Z - Iniciando o agendador de publicação de posts...
2025-04-16T07:42:14.558Z - Executando publicação imediatamente por solicitação da linha de comando
2025-04-16T07:42:14.565Z - Agendador iniciado. Posts serão publicados automaticamente às 8:00 da manhã todos os dias.
2025-04-16T07:42:14.565Z - Use 'npm run publish-post' para executar manualmente.
2025-04-16T07:42:15.821Z - Saída do script:
Iniciando verificação de posts agendados para 2025-04-16...
Nenhum post para publicar hoje.

2025-04-16T07:42:15.821Z - Execução manual concluída com sucesso
