2025-04-18T21:36:55.613Z - Iniciando extração de posts do arquivo criar-posts.json...
2025-04-18T21:36:55.615Z - Encontrados 33 posts para extrair.
2025-04-18T21:36:55.628Z - Post extraído e salvo como: 2025-05-02-a-evolucao-dos-videogames-da-atari-ao-playstation.json
2025-04-18T21:36:55.629Z - Post extraído e salvo como: 2025-05-03-o-impacto-cultural-dos-jogos-de-rpg-final-fantasy-e-alem.json
2025-04-18T21:36:55.629Z - Post extraído e salvo como: 2025-05-04-o-fenomeno-dos-esports-de-jogos-simples-a-competicoes-globais.json
2025-04-18T21:36:55.630Z - Post extraído e salvo como: 2025-05-05-videogames-e-saude-mental-beneficios-e-riscos.json
2025-04-18T21:36:55.631Z - Post extraído e salvo como: 2025-05-06-o-papel-das-mulheres-na-industria-de-videogames.json
2025-04-18T21:36:55.631Z - Post extraído e salvo como: 2025-05-07-a-revolucao-dos-jogos-em-3d-como-mudou-a-experiencia-do-jogador.json
2025-04-18T21:36:55.632Z - Post extraído e salvo como: 2025-05-08-os-jogos-mais-vendidos-de-todos-os-tempos-um-olhar-sobre-os-best-sellers.json
2025-04-18T21:36:55.632Z - Post extraído e salvo como: 2025-05-09-a-relacao-entre-videogames-e-cinema-jogos-que-viraram-filmes.json
2025-04-18T21:36:55.633Z - Post extraído e salvo como: 2025-05-10-retro-gaming-o-renascimento-dos-classicos.json
2025-04-18T21:36:55.634Z - Post extraído e salvo como: 2025-05-11-marketing-de-videogames-estrategias-que-transformaram-lancamentos.json
2025-04-18T21:36:55.634Z - Post extraído e salvo como: 2025-05-12-a-importancia-da-trilha-sonora-nos-videogames.json
2025-04-18T21:36:55.635Z - Post extraído e salvo como: 2025-05-13-os-melhores-consoles-de-todos-os-tempos-uma-analise-historica.json
2025-04-18T21:36:55.635Z - Post extraído e salvo como: 2025-05-14-minecraft-como-um-jogo-simples-mudou-o-mundo.json
2025-04-18T21:36:55.635Z - Post extraído e salvo como: 2025-05-15-jogos-independentes-a-revolucao-criativa-da-industria.json
2025-04-18T21:36:55.636Z - Post extraído e salvo como: 2025-05-16-o-futuro-da-realidade-virtual-nos-videogames.json
2025-04-18T21:36:55.636Z - Post extraído e salvo como: 2025-05-17-microtransacoes-e-jogos-o-debate-sobre-a-etica.json
2025-04-18T21:36:55.644Z - Post extraído e salvo como: 2025-05-18-a-influencia-dos-videogames-na-educacao.json
2025-04-18T21:36:55.644Z - Post extraído e salvo como: 2025-05-19-a-historia-por-tras-dos-jogos-de-terror-como-eles-evoluiram.json
2025-04-18T21:36:55.645Z - Post extraído e salvo como: 2025-05-20-narrativa-nos-videogames-a-importancia-da-historia.json
2025-04-18T21:36:55.645Z - Post extraído e salvo como: 2025-05-21-cross-platform-gaming-uma-nova-era-de-conectividade.json
2025-04-18T21:36:55.646Z - Post extraído e salvo como: 2025-05-22-a-luta-contra-a-pirataria-nos-videogames.json
2025-04-18T21:36:55.646Z - Post extraído e salvo como: 2025-05-23-jogos-acessiveis-a-inclusao-de-jogadores-com-necessidades-especiais.json
2025-04-18T21:36:55.647Z - Post extraído e salvo como: 2025-05-24-o-impacto-dos-videogames-no-desenvolvimento-de-habilidades-cognitivas.json
2025-04-18T21:36:55.647Z - Post extraído e salvo como: 2025-05-25-as-mais-iconicas-franchises-de-videogames-resident-evil-e-sonic.json
2025-04-18T21:36:55.657Z - Post extraído e salvo como: 2025-05-26-o-que-faz-um-jogo-ser-classico.json
2025-04-18T21:36:55.658Z - Post extraído e salvo como: 2025-05-27-generos-de-videogames-do-aventura-ao-puzzle.json
2025-04-18T21:36:55.660Z - Post extraído e salvo como: 2025-05-28-o-comercio-de-videogames-usados-um-mercado-em-crescimento.json
2025-04-18T21:36:55.661Z - Post extraído e salvo como: 2025-05-29-desenvolvimento-de-jogos-dos-bastidores-a-lancamento.json
2025-04-18T21:36:55.667Z - Post extraído e salvo como: 2025-05-30-a-historia-dos-consoles-portateis-game-boy-a-nintendo-switch.json
2025-04-18T21:36:55.668Z - Post extraído e salvo como: 2025-05-31-a-influencia-da-tecnologia-em-videogames-do-8-bit-ao-4k.json
2025-04-18T21:36:55.668Z - Post extraído e salvo como: 2025-06-01-generos-de-videogames-do-aventura-ao-puzzle.json
2025-04-18T21:36:55.669Z - Post extraído e salvo como: 2025-06-02-o-comercio-de-videogames-usados-um-mercado-em-crescimento.json
2025-04-18T21:36:55.670Z - Post extraído e salvo como: 2025-06-03-desenvolvimento-de-jogos-dos-bastidores-a-lancamento.json
2025-04-18T21:36:55.670Z - Extração concluída. 33 de 33 posts foram extraídos com sucesso.
2025-04-18T21:36:55.670Z - Processamento concluído.
2025-04-19T08:55:58.441Z - Iniciando extração de posts do arquivo criar-posts.json...
2025-04-19T08:55:58.443Z - Encontrados 10 posts para extrair.
2025-04-19T08:55:58.444Z - Post extraído e salvo como: 2025-04-19-ghost-of-yotei-a-nova-aventura-epica-da-sucker-punch-para-ps5.json
2025-04-19T08:55:58.463Z - Post extraído e salvo como: 2025-04-19-death-stranding-2-on-the-beach-a-nova-obra-de-kojima-chega-ao-ps5.json
2025-04-19T08:55:58.463Z - Post extraído e salvo como: 2025-04-19-avowed-o-novo-rpg-epico-da-obsidian-exclusivo-para-xbox-series-x.json
2025-04-19T08:55:58.464Z - Post extraído e salvo como: 2025-04-19-fable-o-renascimento-de-uma-lenda-exclusiva-para-xbox-series-x.json
2025-04-19T08:55:58.464Z - Post extraído e salvo como: 2025-04-19-metroid-dread-a-obra-prima-de-acao-2d-exclusiva-do-nintendo-switch.json
2025-04-19T08:55:58.465Z - Post extraído e salvo como: 2025-04-19-mario-kart-world-a-revolucao-do-kart-racing-chega-ao-nintendo-switch-2.json
2025-04-19T08:55:58.465Z - Post extraído e salvo como: 2025-04-19-marvels-wolverine-a-exclusividade-brutal-da-insomniac-games-para-ps5.json
2025-04-19T08:55:58.466Z - Post extraído e salvo como: 2025-04-19-south-of-midnight-o-folclore-americano-ganha-vida-no-xbox-series-x.json
2025-04-19T08:55:58.466Z - Post extraído e salvo como: 2025-04-19-the-legend-of-zelda-echoes-of-wisdom-a-nova-aventura-exclusiva-do-nintendo-switch.json
2025-04-19T08:55:58.474Z - Post extraído e salvo como: 2025-04-19-33-immortals-o-roguelike-cooperativo-revolucionario-exclusivo-do-xbox.json
2025-04-19T08:55:58.474Z - Extração concluída. 10 de 10 posts foram extraídos com sucesso.
2025-04-19T08:55:58.475Z - Processamento concluído.
2025-04-19T09:03:21.922Z - Iniciando extração de posts do arquivo criar-posts.json...
2025-04-19T09:03:21.923Z - Encontrados 10 posts para extrair.
2025-04-19T09:03:21.924Z - Post extraído e salvo como: 2025-04-19-ghost-of-yotei-a-nova-aventura-epica-da-sucker-punch-para-ps5.json
2025-04-19T09:03:21.924Z - Post extraído e salvo como: 2025-04-20-death-stranding-2-on-the-beach-a-nova-obra-de-kojima-chega-ao-ps5.json
2025-04-19T09:03:21.925Z - Post extraído e salvo como: 2025-04-21-avowed-o-novo-rpg-epico-da-obsidian-exclusivo-para-xbox-series-x.json
2025-04-19T09:03:21.925Z - Post extraído e salvo como: 2025-04-22-fable-o-renascimento-de-uma-lenda-exclusiva-para-xbox-series-x.json
2025-04-19T09:03:21.926Z - Post extraído e salvo como: 2025-04-23-metroid-dread-a-obra-prima-de-acao-2d-exclusiva-do-nintendo-switch.json
2025-04-19T09:03:21.926Z - Post extraído e salvo como: 2025-04-24-mario-kart-world-a-revolucao-do-kart-racing-chega-ao-nintendo-switch-2.json
2025-04-19T09:03:21.927Z - Post extraído e salvo como: 2025-04-25-marvels-wolverine-a-exclusividade-brutal-da-insomniac-games-para-ps5.json
2025-04-19T09:03:21.927Z - Post extraído e salvo como: 2025-04-26-south-of-midnight-o-folclore-americano-ganha-vida-no-xbox-series-x.json
2025-04-19T09:03:21.927Z - Post extraído e salvo como: 2025-04-27-the-legend-of-zelda-echoes-of-wisdom-a-nova-aventura-exclusiva-do-nintendo-switch.json
2025-04-19T09:03:21.928Z - Post extraído e salvo como: 2025-04-28-33-immortals-o-roguelike-cooperativo-revolucionario-exclusivo-do-xbox.json
2025-04-19T09:03:21.928Z - Extração concluída. 10 de 10 posts foram extraídos com sucesso.
2025-04-19T09:03:21.928Z - Processamento concluído.
