2025-04-17T22:27:38.356Z - Iniciando migração de posts para o Supabase...
2025-04-17T22:27:38.357Z - Encontrados 15 arquivos de post para processar.
2025-04-17T22:27:38.703Z - Post "O Grande Crash de 1983: Como o Atari Quase Destruiu a Indústria de Videogames" já existe no Supabase com ID: e76e72a4-30c6-4978-b379-1d898f67c7c8
2025-04-17T22:27:38.762Z - Migrando post "Dreamcast: O Console à Frente de Seu Tempo que Definiu o Futuro" (2025-04-18-dreamcast-legado.json) com status "draft"...
2025-04-17T22:27:38.874Z - Migrando post "Final Fantasy: A Série que Revolucionou os RPGs" (2025-04-19-final-fantasy-revolucao.json) com status "draft"...
2025-04-17T22:27:38.996Z - Migrando post "A Evolução da Portabilidade: De Game & Watch ao Nintendo Switch" (2025-04-20-evolucao-portabilidade.json) com status "draft"...
2025-04-17T22:27:39.095Z - Migrando post "Fliperamas no Brasil: A Era de Ouro dos Arcades Brasileiros" (2025-04-21-arcades-brasileiros.json) com status "draft"...
2025-04-17T22:27:39.183Z - Migrando post "Jogos Brasileiros: A Ascensão da Indústria Nacional" (2025-04-22-jogos-brasileiros.json) com status "draft"...
2025-04-17T22:27:39.288Z - Migrando post "MSX no Brasil: Como o 'Videogame com Teclado' Revolucionou a Computação Nacional" (2025-04-23-msx-brasil.json) com status "draft"...
2025-04-17T22:27:39.366Z - Migrando post "História da Emulação: A Preservação Digital dos Videogames" (2025-04-24-historia-emulacao.json) com status "draft"...
2025-04-17T22:27:39.449Z - Migrando post "A Evolução da Pixel Art: De Limitação Técnica a Escolha Estética" (2025-04-25-pixel-art-evolucao.json) com status "draft"...
2025-04-17T22:27:39.535Z - Migrando post "A Evolução da Música nos Videogames: De Beeps a Sinfonias" (2025-04-26-trilha-sonora-games.json) com status "draft"...
2025-04-17T22:27:39.640Z - Migrando post "Jogos de Aventura: A Evolução de um Gênero que Definiu o Storytelling nos Videogames" (2025-04-27-adventure-games.json) com status "draft"...
2025-04-17T22:27:39.727Z - Migrando post "Mulheres Pioneiras: As Heroínas Esquecidas na História dos Videogames" (2025-04-28-mulheres-historia-games.json) com status "draft"...
2025-04-17T22:27:39.823Z - Migrando post "Speedrunning: Como a Obsessão por Velocidade Criou uma Nova Cultura Gamer" (2025-04-29-speedrunning-fenomeno.json) com status "draft"...
2025-04-17T22:27:39.890Z - Migrando post "RPGs: A Evolução do Gênero que Transformou os Videogames em Experiências Épicas" (2025-04-30-rpg-evolucao.json) com status "draft"...
2025-04-17T22:27:39.981Z - Migrando post "A Ascensão dos eSports: Como os Videogames se Tornaram um Fenômeno Competitivo Global" (2025-05-01-gaming-competitivo.json) com status "draft"...
2025-04-17T22:27:40.018Z - ==== Migração Concluída ====
2025-04-17T22:27:40.018Z - Total de arquivos processados: 15
2025-04-17T22:27:40.018Z - Posts migrados com sucesso: 0
2025-04-17T22:27:40.019Z - Posts já existentes no Supabase: 1
2025-04-17T22:27:40.019Z - Posts com erros: 14
2025-04-17T22:27:40.019Z - Posts ignorados: 0
2025-04-17T22:30:26.312Z - Iniciando migração de posts para o Supabase...
2025-04-17T22:30:26.317Z - Encontrados 15 arquivos de post para processar.
2025-04-17T22:30:26.650Z - Post "O Grande Crash de 1983: Como o Atari Quase Destruiu a Indústria de Videogames" já existe no Supabase com ID: e76e72a4-30c6-4978-b379-1d898f67c7c8
2025-04-17T22:30:26.748Z - Migrando post "Dreamcast: O Console à Frente de Seu Tempo que Definiu o Futuro" (2025-04-18-dreamcast-legado.json) com status "draft"...
2025-04-17T22:30:26.806Z - ✅ Post "Dreamcast: O Console à Frente de Seu Tempo que Definiu o Futuro" inserido com sucesso no Supabase com ID: 5b5ea910-6d39-4463-b734-ccd06912fa63
2025-04-17T22:30:26.842Z - Migrando post "Final Fantasy: A Série que Revolucionou os RPGs" (2025-04-19-final-fantasy-revolucao.json) com status "draft"...
2025-04-17T22:30:26.893Z - ✅ Post "Final Fantasy: A Série que Revolucionou os RPGs" inserido com sucesso no Supabase com ID: d89cd574-7104-4421-a999-cd7f3fa3e986
2025-04-17T22:30:26.944Z - Migrando post "A Evolução da Portabilidade: De Game & Watch ao Nintendo Switch" (2025-04-20-evolucao-portabilidade.json) com status "draft"...
2025-04-17T22:30:27.001Z - ✅ Post "A Evolução da Portabilidade: De Game & Watch ao Nintendo Switch" inserido com sucesso no Supabase com ID: 56b7a279-560a-47ce-85d3-480a64ec968f
2025-04-17T22:30:27.052Z - Migrando post "Fliperamas no Brasil: A Era de Ouro dos Arcades Brasileiros" (2025-04-21-arcades-brasileiros.json) com status "draft"...
2025-04-17T22:30:27.091Z - ✅ Post "Fliperamas no Brasil: A Era de Ouro dos Arcades Brasileiros" inserido com sucesso no Supabase com ID: e381dc0b-cdac-4257-9b30-02ddf11e46c7
2025-04-17T22:30:27.139Z - Migrando post "Jogos Brasileiros: A Ascensão da Indústria Nacional" (2025-04-22-jogos-brasileiros.json) com status "draft"...
2025-04-17T22:30:27.188Z - ✅ Post "Jogos Brasileiros: A Ascensão da Indústria Nacional" inserido com sucesso no Supabase com ID: c9ec8822-9a8f-450d-9199-622c31f06765
2025-04-17T22:30:27.229Z - Migrando post "MSX no Brasil: Como o 'Videogame com Teclado' Revolucionou a Computação Nacional" (2025-04-23-msx-brasil.json) com status "draft"...
2025-04-17T22:30:27.269Z - ✅ Post "MSX no Brasil: Como o 'Videogame com Teclado' Revolucionou a Computação Nacional" inserido com sucesso no Supabase com ID: 2c7faf4e-5082-4088-af9b-dbbe980e8beb
2025-04-17T22:30:27.308Z - Migrando post "História da Emulação: A Preservação Digital dos Videogames" (2025-04-24-historia-emulacao.json) com status "draft"...
2025-04-17T22:30:27.357Z - ✅ Post "História da Emulação: A Preservação Digital dos Videogames" inserido com sucesso no Supabase com ID: 03eb9552-2ef7-46f5-bcf7-6d4f3c90a642
2025-04-17T22:30:27.392Z - Migrando post "A Evolução da Pixel Art: De Limitação Técnica a Escolha Estética" (2025-04-25-pixel-art-evolucao.json) com status "draft"...
2025-04-17T22:30:27.441Z - ✅ Post "A Evolução da Pixel Art: De Limitação Técnica a Escolha Estética" inserido com sucesso no Supabase com ID: dccccd4b-e8ea-400b-85e6-4df9aeb9529c
2025-04-17T22:30:27.476Z - Migrando post "A Evolução da Música nos Videogames: De Beeps a Sinfonias" (2025-04-26-trilha-sonora-games.json) com status "draft"...
2025-04-17T22:30:27.524Z - ✅ Post "A Evolução da Música nos Videogames: De Beeps a Sinfonias" inserido com sucesso no Supabase com ID: 9eef0014-c6a1-4aa9-83b4-255ec351ea58
2025-04-17T22:30:27.567Z - Migrando post "Jogos de Aventura: A Evolução de um Gênero que Definiu o Storytelling nos Videogames" (2025-04-27-adventure-games.json) com status "draft"...
2025-04-17T22:30:27.609Z - ✅ Post "Jogos de Aventura: A Evolução de um Gênero que Definiu o Storytelling nos Videogames" inserido com sucesso no Supabase com ID: 9aece7ca-b6c1-438d-805d-b035713064e7
2025-04-17T22:30:27.662Z - Migrando post "Mulheres Pioneiras: As Heroínas Esquecidas na História dos Videogames" (2025-04-28-mulheres-historia-games.json) com status "draft"...
2025-04-17T22:30:27.724Z - ✅ Post "Mulheres Pioneiras: As Heroínas Esquecidas na História dos Videogames" inserido com sucesso no Supabase com ID: 5e4d7ce5-b0b3-4209-a34a-33dc00a99a3a
2025-04-17T22:30:27.798Z - Migrando post "Speedrunning: Como a Obsessão por Velocidade Criou uma Nova Cultura Gamer" (2025-04-29-speedrunning-fenomeno.json) com status "draft"...
2025-04-17T22:30:27.835Z - ✅ Post "Speedrunning: Como a Obsessão por Velocidade Criou uma Nova Cultura Gamer" inserido com sucesso no Supabase com ID: 9d7d8389-01f3-484a-83aa-73db7c08f0d2
2025-04-17T22:30:27.874Z - Migrando post "RPGs: A Evolução do Gênero que Transformou os Videogames em Experiências Épicas" (2025-04-30-rpg-evolucao.json) com status "draft"...
2025-04-17T22:30:27.910Z - ✅ Post "RPGs: A Evolução do Gênero que Transformou os Videogames em Experiências Épicas" inserido com sucesso no Supabase com ID: 46c90c9f-3b75-4cde-adc2-eda81ca22b02
2025-04-17T22:30:27.947Z - Migrando post "A Ascensão dos eSports: Como os Videogames se Tornaram um Fenômeno Competitivo Global" (2025-05-01-gaming-competitivo.json) com status "draft"...
2025-04-17T22:30:27.993Z - ✅ Post "A Ascensão dos eSports: Como os Videogames se Tornaram um Fenômeno Competitivo Global" inserido com sucesso no Supabase com ID: 505b7730-c597-4641-ac14-b6ee6cc5ce50
2025-04-17T22:30:27.993Z - ==== Migração Concluída ====
2025-04-17T22:30:27.993Z - Total de arquivos processados: 15
2025-04-17T22:30:27.994Z - Posts migrados com sucesso: 14
2025-04-17T22:30:27.994Z - Posts já existentes no Supabase: 1
2025-04-17T22:30:27.994Z - Posts com erros: 0
2025-04-17T22:30:27.994Z - Posts ignorados: 0
2025-04-18T21:38:54.266Z - Iniciando migração de posts para o Supabase...
2025-04-18T21:38:54.267Z - Encontrados 34 arquivos de post para processar.
2025-04-18T21:38:54.618Z - Migrando post "A Evolução dos Videogames: Da Atari ao PlayStation" (2025-05-02-a-evolucao-dos-videogames-da-atari-ao-playstation.json) com status "draft"...
2025-04-18T21:38:54.695Z - ✅ Post "A Evolução dos Videogames: Da Atari ao PlayStation" inserido com sucesso no Supabase com ID: 2620e56d-befa-4735-9e1a-5cf36bfcecea
2025-04-18T21:38:54.746Z - Migrando post "O Impacto Cultural dos Jogos de RPG: Final Fantasy e Além" (2025-05-03-o-impacto-cultural-dos-jogos-de-rpg-final-fantasy-e-alem.json) com status "draft"...
2025-04-18T21:38:54.808Z - ✅ Post "O Impacto Cultural dos Jogos de RPG: Final Fantasy e Além" inserido com sucesso no Supabase com ID: 89787755-a15d-47f7-9a75-62c55e956645
2025-04-18T21:38:54.865Z - Migrando post "O Fenômeno dos eSports: De Jogos Simples a Competições Globais" (2025-05-04-o-fenomeno-dos-esports-de-jogos-simples-a-competicoes-globais.json) com status "draft"...
2025-04-18T21:38:54.929Z - ✅ Post "O Fenômeno dos eSports: De Jogos Simples a Competições Globais" inserido com sucesso no Supabase com ID: 771295d9-66c3-412f-bc5d-c79235fa80a4
2025-04-18T21:38:54.982Z - Migrando post "Videogames e Saúde Mental: Benefícios e Riscos" (2025-05-05-videogames-e-saude-mental-beneficios-e-riscos.json) com status "draft"...
2025-04-18T21:38:55.038Z - ✅ Post "Videogames e Saúde Mental: Benefícios e Riscos" inserido com sucesso no Supabase com ID: 1d8b743d-6c85-4e99-a1bd-d649cc6f89f6
2025-04-18T21:38:55.248Z - Migrando post "O Papel das Mulheres na Indústria de Videogames" (2025-05-06-o-papel-das-mulheres-na-industria-de-videogames.json) com status "draft"...
2025-04-18T21:38:55.307Z - ✅ Post "O Papel das Mulheres na Indústria de Videogames" inserido com sucesso no Supabase com ID: 1c567c45-0bc0-421a-818f-70111c04217a
2025-04-18T21:38:55.343Z - Migrando post "A Revolução dos Jogos em 3D: Como Mudou a Experiência do Jogador" (2025-05-07-a-revolucao-dos-jogos-em-3d-como-mudou-a-experiencia-do-jogador.json) com status "draft"...
2025-04-18T21:38:55.401Z - ✅ Post "A Revolução dos Jogos em 3D: Como Mudou a Experiência do Jogador" inserido com sucesso no Supabase com ID: d92e6d44-428b-40b5-8706-ae06f4e87da9
2025-04-18T21:38:55.435Z - Migrando post "Os Jogos Mais Vendidos de Todos os Tempos: Um Olhar Sobre os Best-Sellers" (2025-05-08-os-jogos-mais-vendidos-de-todos-os-tempos-um-olhar-sobre-os-best-sellers.json) com status "draft"...
2025-04-18T21:38:55.477Z - ✅ Post "Os Jogos Mais Vendidos de Todos os Tempos: Um Olhar Sobre os Best-Sellers" inserido com sucesso no Supabase com ID: 5cddb4eb-6712-416a-a4e8-3ec8bf4af72e
2025-04-18T21:38:55.530Z - Migrando post "A Relação entre Videogames e Cinema: Jogos que Viraram Filmes" (2025-05-09-a-relacao-entre-videogames-e-cinema-jogos-que-viraram-filmes.json) com status "draft"...
2025-04-18T21:38:55.568Z - ✅ Post "A Relação entre Videogames e Cinema: Jogos que Viraram Filmes" inserido com sucesso no Supabase com ID: 23f44207-255e-441c-bcd9-9ba4253762c7
2025-04-18T21:38:55.601Z - Migrando post "Retro Gaming: O Renascimento dos Clássicos" (2025-05-10-retro-gaming-o-renascimento-dos-classicos.json) com status "draft"...
2025-04-18T21:38:55.653Z - ✅ Post "Retro Gaming: O Renascimento dos Clássicos" inserido com sucesso no Supabase com ID: 05489551-771a-4285-9871-7e5679462b16
2025-04-18T21:38:55.707Z - Migrando post "Marketing de Videogames: Estratégias que Transformaram Lançamentos" (2025-05-11-marketing-de-videogames-estrategias-que-transformaram-lancamentos.json) com status "draft"...
2025-04-18T21:38:55.756Z - ✅ Post "Marketing de Videogames: Estratégias que Transformaram Lançamentos" inserido com sucesso no Supabase com ID: 9299f59a-78e4-419f-825c-7138fd83656d
2025-04-18T21:38:55.796Z - Migrando post "A Importância da Trilha Sonora nos Videogames" (2025-05-12-a-importancia-da-trilha-sonora-nos-videogames.json) com status "draft"...
2025-04-18T21:38:55.834Z - ✅ Post "A Importância da Trilha Sonora nos Videogames" inserido com sucesso no Supabase com ID: f72ea70d-67d9-4eed-ac36-049c4db6ed87
2025-04-18T21:38:55.874Z - Migrando post "Os Melhores Consoles de Todos os Tempos: Uma Análise Histórica" (2025-05-13-os-melhores-consoles-de-todos-os-tempos-uma-analise-historica.json) com status "draft"...
2025-04-18T21:38:55.919Z - ✅ Post "Os Melhores Consoles de Todos os Tempos: Uma Análise Histórica" inserido com sucesso no Supabase com ID: f0494f62-bb33-4455-b330-4bd3e5c0c109
2025-04-18T21:38:55.953Z - Migrando post "Minecraft: Como um Jogo Simples Mudou o Mundo" (2025-05-14-minecraft-como-um-jogo-simples-mudou-o-mundo.json) com status "draft"...
2025-04-18T21:38:55.996Z - ✅ Post "Minecraft: Como um Jogo Simples Mudou o Mundo" inserido com sucesso no Supabase com ID: 622534d6-2261-4a0f-a7f1-a8e9c32ed6c0
2025-04-18T21:38:56.039Z - Migrando post "Jogos Independentes: A Revolução Criativa da Indústria" (2025-05-15-jogos-independentes-a-revolucao-criativa-da-industria.json) com status "draft"...
2025-04-18T21:38:56.095Z - ✅ Post "Jogos Independentes: A Revolução Criativa da Indústria" inserido com sucesso no Supabase com ID: 5364dd18-956e-4982-8a1f-061bab6f2b7b
2025-04-18T21:38:56.131Z - Migrando post "O Futuro da Realidade Virtual nos Videogames" (2025-05-16-o-futuro-da-realidade-virtual-nos-videogames.json) com status "draft"...
2025-04-18T21:38:56.168Z - ✅ Post "O Futuro da Realidade Virtual nos Videogames" inserido com sucesso no Supabase com ID: da7c40c9-c56c-438b-ad00-40c8ef4d6fce
2025-04-18T21:38:56.203Z - Migrando post "Microtransações e Jogos: O Debate sobre a Ética" (2025-05-17-microtransacoes-e-jogos-o-debate-sobre-a-etica.json) com status "draft"...
2025-04-18T21:38:56.247Z - ✅ Post "Microtransações e Jogos: O Debate sobre a Ética" inserido com sucesso no Supabase com ID: 4aa417f5-1440-4a04-8e56-121cbd2f0213
2025-04-18T21:38:56.280Z - Migrando post "A Influência dos Videogames na Educação" (2025-05-18-a-influencia-dos-videogames-na-educacao.json) com status "draft"...
2025-04-18T21:38:56.317Z - ✅ Post "A Influência dos Videogames na Educação" inserido com sucesso no Supabase com ID: 7487b3fd-50d6-46e1-9a70-ac1f32430dd7
2025-04-18T21:38:56.349Z - Migrando post "A História por Trás dos Jogos de Terror: Como Eles Evoluíram" (2025-05-19-a-historia-por-tras-dos-jogos-de-terror-como-eles-evoluiram.json) com status "draft"...
2025-04-18T21:38:56.385Z - ✅ Post "A História por Trás dos Jogos de Terror: Como Eles Evoluíram" inserido com sucesso no Supabase com ID: bd17959a-94f8-4a90-88b8-c13dcf25ce39
2025-04-18T21:38:56.421Z - Migrando post "Narrativa nos Videogames: A Importância da História" (2025-05-20-narrativa-nos-videogames-a-importancia-da-historia.json) com status "draft"...
2025-04-18T21:38:56.463Z - ✅ Post "Narrativa nos Videogames: A Importância da História" inserido com sucesso no Supabase com ID: b25e1beb-7cef-4301-b939-33440d563a34
2025-04-18T21:38:56.504Z - Migrando post "Cross-Platform Gaming: Uma Nova Era de Conectividade" (2025-05-21-cross-platform-gaming-uma-nova-era-de-conectividade.json) com status "draft"...
2025-04-18T21:38:56.551Z - ✅ Post "Cross-Platform Gaming: Uma Nova Era de Conectividade" inserido com sucesso no Supabase com ID: 6fc631ce-6e43-4f0d-90f6-6b6df1f0515e
2025-04-18T21:38:56.585Z - Migrando post "A Luta Contra a Pirataria nos Videogames" (2025-05-22-a-luta-contra-a-pirataria-nos-videogames.json) com status "draft"...
2025-04-18T21:38:56.623Z - ✅ Post "A Luta Contra a Pirataria nos Videogames" inserido com sucesso no Supabase com ID: 5e54b0b3-a13a-4f22-9303-c685597196a1
2025-04-18T21:38:56.667Z - Migrando post "Jogos Acessíveis: A Inclusão de Jogadores com Necessidades Especiais" (2025-05-23-jogos-acessiveis-a-inclusao-de-jogadores-com-necessidades-especiais.json) com status "draft"...
2025-04-18T21:38:56.715Z - ✅ Post "Jogos Acessíveis: A Inclusão de Jogadores com Necessidades Especiais" inserido com sucesso no Supabase com ID: 548851bf-305d-4b19-add1-da92c8fcdabc
2025-04-18T21:38:56.762Z - Migrando post "O Impacto dos Videogames no Desenvolvimento de Habilidades Cognitivas" (2025-05-24-o-impacto-dos-videogames-no-desenvolvimento-de-habilidades-cognitivas.json) com status "draft"...
2025-04-18T21:38:56.798Z - ✅ Post "O Impacto dos Videogames no Desenvolvimento de Habilidades Cognitivas" inserido com sucesso no Supabase com ID: 683419f2-5262-4569-9e45-3f7ba7c28585
2025-04-18T21:38:56.837Z - Migrando post "As Mais Icônicas Franchises de Videogames: Resident Evil e Sonic" (2025-05-25-as-mais-iconicas-franchises-de-videogames-resident-evil-e-sonic.json) com status "draft"...
2025-04-18T21:38:56.900Z - ✅ Post "As Mais Icônicas Franchises de Videogames: Resident Evil e Sonic" inserido com sucesso no Supabase com ID: c0b35d73-719a-49da-860c-df0ebc82e52d
2025-04-18T21:38:56.936Z - Migrando post "O Que Faz um Jogo Ser Clássico?" (2025-05-26-o-que-faz-um-jogo-ser-classico.json) com status "draft"...
2025-04-18T21:38:56.977Z - ✅ Post "O Que Faz um Jogo Ser Clássico?" inserido com sucesso no Supabase com ID: 4edfda4c-309d-40e7-9ca9-f3656770a91a
2025-04-18T21:38:57.007Z - Migrando post "Gêneros de Videogames: Do Aventura ao Puzzle" (2025-05-27-generos-de-videogames-do-aventura-ao-puzzle.json) com status "draft"...
2025-04-18T21:38:57.051Z - ✅ Post "Gêneros de Videogames: Do Aventura ao Puzzle" inserido com sucesso no Supabase com ID: 38045ce1-a20e-4ee8-b348-d03059075f09
2025-04-18T21:38:57.083Z - Migrando post "O Comércio de Videogames Usados: Um Mercado em Crescimento" (2025-05-28-o-comercio-de-videogames-usados-um-mercado-em-crescimento.json) com status "draft"...
2025-04-18T21:38:57.139Z - ✅ Post "O Comércio de Videogames Usados: Um Mercado em Crescimento" inserido com sucesso no Supabase com ID: 66bcd11e-c34c-49c0-8965-847990f28b00
2025-04-18T21:38:57.176Z - Migrando post "Desenvolvimento de Jogos: Dos Bastidores à Lançamento" (2025-05-29-desenvolvimento-de-jogos-dos-bastidores-a-lancamento.json) com status "draft"...
2025-04-18T21:38:57.212Z - ✅ Post "Desenvolvimento de Jogos: Dos Bastidores à Lançamento" inserido com sucesso no Supabase com ID: b7b6c71b-a258-4b65-84cd-f52f1edb34bb
2025-04-18T21:38:57.254Z - Migrando post "A História dos Consoles Portáteis: Game Boy a Nintendo Switch" (2025-05-30-a-historia-dos-consoles-portateis-game-boy-a-nintendo-switch.json) com status "draft"...
2025-04-18T21:38:57.294Z - ✅ Post "A História dos Consoles Portáteis: Game Boy a Nintendo Switch" inserido com sucesso no Supabase com ID: fc2b918e-cdb2-4e0f-b8b3-b00dccce5c0b
2025-04-18T21:38:57.376Z - Migrando post "A Influência da Tecnologia em Videogames: Do 8-bit ao 4K" (2025-05-31-a-influencia-da-tecnologia-em-videogames-do-8-bit-ao-4k.json) com status "draft"...
2025-04-18T21:38:57.409Z - ✅ Post "A Influência da Tecnologia em Videogames: Do 8-bit ao 4K" inserido com sucesso no Supabase com ID: c93e676a-04ea-4a8a-a0f3-e58ae1e62ee3
2025-04-18T21:38:57.442Z - Post "Gêneros de Videogames: Do Aventura ao Puzzle" já existe no Supabase com ID: 38045ce1-a20e-4ee8-b348-d03059075f09
2025-04-18T21:38:57.479Z - Post "O Comércio de Videogames Usados: Um Mercado em Crescimento" já existe no Supabase com ID: 66bcd11e-c34c-49c0-8965-847990f28b00
2025-04-18T21:38:57.510Z - Post "Desenvolvimento de Jogos: Dos Bastidores à Lançamento" já existe no Supabase com ID: b7b6c71b-a258-4b65-84cd-f52f1edb34bb
2025-04-18T21:38:57.549Z - ==== Migração Concluída ====
2025-04-18T21:38:57.549Z - Total de arquivos processados: 34
2025-04-18T21:38:57.549Z - Posts migrados com sucesso: 30
2025-04-18T21:38:57.549Z - Posts já existentes no Supabase: 3
2025-04-18T21:38:57.550Z - Posts com erros: 1
2025-04-18T21:38:57.550Z - Posts ignorados: 0
2025-04-18T21:41:52.052Z - Iniciando migração de posts para o Supabase...
2025-04-18T21:41:52.053Z - Encontrados 4 arquivos de post para processar.
2025-04-18T21:41:52.355Z - Post "Gêneros de Videogames: Do Aventura ao Puzzle" já existe no Supabase com ID: 38045ce1-a20e-4ee8-b348-d03059075f09
2025-04-18T21:41:52.393Z - Post "O Comércio de Videogames Usados: Um Mercado em Crescimento" já existe no Supabase com ID: 66bcd11e-c34c-49c0-8965-847990f28b00
2025-04-18T21:41:52.442Z - Post "Desenvolvimento de Jogos: Dos Bastidores à Lançamento" já existe no Supabase com ID: b7b6c71b-a258-4b65-84cd-f52f1edb34bb
2025-04-18T21:41:52.501Z - ==== Migração Concluída ====
2025-04-18T21:41:52.501Z - Total de arquivos processados: 4
2025-04-18T21:41:52.501Z - Posts migrados com sucesso: 0
2025-04-18T21:41:52.502Z - Posts já existentes no Supabase: 3
2025-04-18T21:41:52.502Z - Posts com erros: 1
2025-04-18T21:41:52.502Z - Posts ignorados: 0
2025-04-19T09:03:53.644Z - Iniciando migração de posts para o Supabase...
2025-04-19T09:03:53.646Z - Encontrados 11 arquivos de post para processar.
2025-04-19T09:03:54.011Z - Migrando post "Ghost of Yotei: A Nova Aventura Épica da Sucker Punch para PS5" (2025-04-19-ghost-of-yotei-a-nova-aventura-epica-da-sucker-punch-para-ps5.json) com status "published"...
2025-04-19T09:03:54.091Z - ✅ Post "Ghost of Yotei: A Nova Aventura Épica da Sucker Punch para PS5" inserido com sucesso no Supabase com ID: 1646ccdc-0dd5-494a-bf48-324ffa6816de
2025-04-19T09:03:54.132Z - Migrando post "Death Stranding 2: On the Beach - A Nova Obra de Kojima Chega ao PS5" (2025-04-20-death-stranding-2-on-the-beach-a-nova-obra-de-kojima-chega-ao-ps5.json) com status "draft"...
2025-04-19T09:03:54.190Z - ✅ Post "Death Stranding 2: On the Beach - A Nova Obra de Kojima Chega ao PS5" inserido com sucesso no Supabase com ID: 1a034469-0fb1-4d16-8564-2070744bbb2b
2025-04-19T09:03:54.230Z - Migrando post "Avowed: O Novo RPG Épico da Obsidian Exclusivo para Xbox Series X" (2025-04-21-avowed-o-novo-rpg-epico-da-obsidian-exclusivo-para-xbox-series-x.json) com status "draft"...
2025-04-19T09:03:54.281Z - ✅ Post "Avowed: O Novo RPG Épico da Obsidian Exclusivo para Xbox Series X" inserido com sucesso no Supabase com ID: 4e650938-83f4-472d-8148-d1ff28e76005
2025-04-19T09:03:54.311Z - Migrando post "Fable: O Renascimento de uma Lenda Exclusiva para Xbox Series X" (2025-04-22-fable-o-renascimento-de-uma-lenda-exclusiva-para-xbox-series-x.json) com status "draft"...
2025-04-19T09:03:54.362Z - ✅ Post "Fable: O Renascimento de uma Lenda Exclusiva para Xbox Series X" inserido com sucesso no Supabase com ID: be43863d-26cc-4952-9afe-9256dc563a49
2025-04-19T09:03:54.405Z - Migrando post "Metroid Dread: A Obra-Prima de Ação 2D Exclusiva do Nintendo Switch" (2025-04-23-metroid-dread-a-obra-prima-de-acao-2d-exclusiva-do-nintendo-switch.json) com status "draft"...
2025-04-19T09:03:54.446Z - ✅ Post "Metroid Dread: A Obra-Prima de Ação 2D Exclusiva do Nintendo Switch" inserido com sucesso no Supabase com ID: 7ee40118-aad1-4212-967c-41dae5d8dddc
2025-04-19T09:03:54.479Z - Migrando post "Mario Kart World: A Revolução do Kart Racing Chega ao Nintendo Switch 2" (2025-04-24-mario-kart-world-a-revolucao-do-kart-racing-chega-ao-nintendo-switch-2.json) com status "draft"...
2025-04-19T09:03:54.536Z - ✅ Post "Mario Kart World: A Revolução do Kart Racing Chega ao Nintendo Switch 2" inserido com sucesso no Supabase com ID: 4f85426f-f58f-4045-b4b4-4bfc755f178a
2025-04-19T09:03:54.578Z - Migrando post "Marvel's Wolverine: A Exclusividade Brutal da Insomniac Games para PS5" (2025-04-25-marvels-wolverine-a-exclusividade-brutal-da-insomniac-games-para-ps5.json) com status "draft"...
2025-04-19T09:03:54.608Z - ✅ Post "Marvel's Wolverine: A Exclusividade Brutal da Insomniac Games para PS5" inserido com sucesso no Supabase com ID: 1fd5cc7e-fad4-484f-b1ee-16e8da017629
2025-04-19T09:03:54.673Z - Migrando post "South of Midnight: O Folclore Americano Ganha Vida no Xbox Series X" (2025-04-26-south-of-midnight-o-folclore-americano-ganha-vida-no-xbox-series-x.json) com status "draft"...
2025-04-19T09:03:54.705Z - ✅ Post "South of Midnight: O Folclore Americano Ganha Vida no Xbox Series X" inserido com sucesso no Supabase com ID: d4eee9a2-b75d-40f4-a392-a0a6b67127cc
2025-04-19T09:03:54.732Z - Migrando post "The Legend of Zelda: Echoes of Wisdom - A Nova Aventura Exclusiva do Nintendo Switch" (2025-04-27-the-legend-of-zelda-echoes-of-wisdom-a-nova-aventura-exclusiva-do-nintendo-switch.json) com status "draft"...
2025-04-19T09:03:54.774Z - ✅ Post "The Legend of Zelda: Echoes of Wisdom - A Nova Aventura Exclusiva do Nintendo Switch" inserido com sucesso no Supabase com ID: 3510ed63-2789-4bf4-8e9e-a9a198dcc6e0
2025-04-19T09:03:54.823Z - Migrando post "33 Immortals: O Roguelike Cooperativo Revolucionário Exclusivo do Xbox" (2025-04-28-33-immortals-o-roguelike-cooperativo-revolucionario-exclusivo-do-xbox.json) com status "draft"...
2025-04-19T09:03:54.858Z - ✅ Post "33 Immortals: O Roguelike Cooperativo Revolucionário Exclusivo do Xbox" inserido com sucesso no Supabase com ID: 6b38888e-1caf-4ce9-98ca-bbdad9ce172e
2025-04-19T09:03:54.890Z - ==== Migração Concluída ====
2025-04-19T09:03:54.891Z - Total de arquivos processados: 11
2025-04-19T09:03:54.891Z - Posts migrados com sucesso: 10
2025-04-19T09:03:54.891Z - Posts já existentes no Supabase: 0
2025-04-19T09:03:54.891Z - Posts com erros: 1
2025-04-19T09:03:54.891Z - Posts ignorados: 0
2025-06-12T01:19:02.692Z - Iniciando migração de posts para o Supabase...
2025-06-12T01:19:02.694Z - Encontrados 15 arquivos de post para processar.
2025-06-12T01:19:03.018Z - Migrando post "A Evolução dos Controles de Videogame: Do Joystick ao VR" (2025-06-12-a-evolucao-dos-controles-de-videogame-do-joystick-ao-vr.json) com status "published"...
2025-06-12T01:19:03.146Z - ✅ Post "A Evolução dos Controles de Videogame: Do Joystick ao VR" inserido com sucesso no Supabase com ID: 4c2565f8-fef5-451f-a852-2eb74a45668f
2025-06-12T01:19:03.211Z - Migrando post "Emuladores Além do Básico: Configurações Avançadas para uma Experiência Perfeita" (2025-06-13-emuladores-alem-do-basico-configuracoes-avancadas-para-uma-experiencia-perfeita.json) com status "draft"...
2025-06-12T01:19:03.299Z - ✅ Post "Emuladores Além do Básico: Configurações Avançadas para uma Experiência Perfeita" inserido com sucesso no Supabase com ID: 47f9148e-df92-4119-b3f5-53e7cff41901
2025-06-12T01:19:03.398Z - Migrando post "A Lenda do Atari 2600: O Console que Definiu uma Geração" (2025-06-14-a-lenda-do-atari-2600-o-console-que-definiu-uma-geracao.json) com status "draft"...
2025-06-12T01:19:03.463Z - ✅ Post "A Lenda do Atari 2600: O Console que Definiu uma Geração" inserido com sucesso no Supabase com ID: 55c966b9-a3bf-43a0-b1b7-b3461458c402
2025-06-12T01:19:03.508Z - Migrando post "Game Boy: O Reinado do Portátil que Revolucionou os Videogames" (2025-06-15-game-boy-o-reinado-do-portatil-que-revolucionou-os-videogames.json) com status "draft"...
2025-06-12T01:19:03.571Z - ✅ Post "Game Boy: O Reinado do Portátil que Revolucionou os Videogames" inserido com sucesso no Supabase com ID: 4393ac44-b6ed-45b8-9bb7-ab342921b3a6
2025-06-12T01:19:03.635Z - Migrando post "A História do Magnavox Odyssey: O Pioneiro dos Videogames Domésticos" (2025-06-16-a-historia-do-magnavox-odyssey-o-pioneiro-dos-videogames-domesticos.json) com status "draft"...
2025-06-12T01:19:03.703Z - ✅ Post "A História do Magnavox Odyssey: O Pioneiro dos Videogames Domésticos" inserido com sucesso no Supabase com ID: 40c68ff7-f06a-4351-a59e-9cc63bbb8ed4
2025-06-12T01:19:03.744Z - Migrando post "O Nintendo Entertainment System (NES): O Renascimento dos Videogames" (2025-06-17-o-nintendo-entertainment-system-nes-o-renascimento-dos-videogames.json) com status "draft"...
2025-06-12T01:19:03.791Z - ✅ Post "O Nintendo Entertainment System (NES): O Renascimento dos Videogames" inserido com sucesso no Supabase com ID: e6821305-0361-4a94-b169-257e127aaf79
2025-06-12T01:19:03.830Z - Migrando post "Nintendo 64: A Revolução do 3D e a Inovação do Joystick Analógico" (2025-06-18-nintendo-64-a-revolucao-do-3d-e-a-inovacao-do-joystick-analogico.json) com status "draft"...
2025-06-12T01:19:03.869Z - ✅ Post "Nintendo 64: A Revolução do 3D e a Inovação do Joystick Analógico" inserido com sucesso no Supabase com ID: 6e0a9177-4a35-41e7-b515-bea97930215f
2025-06-12T01:19:03.919Z - Migrando post "Nintendo DS: A Revolução da Tela Dupla e do Toque" (2025-06-19-nintendo-ds-a-revolucao-da-tela-dupla-e-do-toque.json) com status "draft"...
2025-06-12T01:19:03.985Z - ✅ Post "Nintendo DS: A Revolução da Tela Dupla e do Toque" inserido com sucesso no Supabase com ID: a9ac0965-53b5-4391-9462-09bd2b9dbd37
2025-06-12T01:19:04.027Z - Migrando post "Nintendo Wii: A Revolução do Controle por Movimento e a Democratização dos Videogames" (2025-06-20-nintendo-wii-a-revolucao-do-controle-por-movimento-e-a-democratizacao-dos-videogames.json) com status "draft"...
2025-06-12T01:19:04.091Z - ✅ Post "Nintendo Wii: A Revolução do Controle por Movimento e a Democratização dos Videogames" inserido com sucesso no Supabase com ID: 26bc62d1-635a-49c6-ab4d-a9d0a8927cef
2025-06-12T01:19:04.126Z - Migrando post "PlayStation (PS1): A Revolução do CD-ROM e a Ascensão da Sony" (2025-06-21-playstation-ps1-a-revolucao-do-cd-rom-e-a-ascensao-da-sony.json) com status "draft"...
2025-06-12T01:19:04.170Z - ✅ Post "PlayStation (PS1): A Revolução do CD-ROM e a Ascensão da Sony" inserido com sucesso no Supabase com ID: 0497f655-daf2-4eb3-a928-317535fbcad6
2025-06-12T01:19:04.211Z - Migrando post "PlayStation 2: O Reinado do Console Mais Vendido da História" (2025-06-22-playstation-2-o-reinado-do-console-mais-vendido-da-historia.json) com status "draft"...
2025-06-12T01:19:04.252Z - ✅ Post "PlayStation 2: O Reinado do Console Mais Vendido da História" inserido com sucesso no Supabase com ID: 814ff682-69a2-4faf-b0b0-532a83c8d6c4
2025-06-12T01:19:04.291Z - Migrando post "Sega Genesis/Mega Drive: A Revolução da Velocidade e a Guerra dos Consoles" (2025-06-23-sega-genesismega-drive-a-revolucao-da-velocidade-e-a-guerra-dos-consoles.json) com status "draft"...
2025-06-12T01:19:04.351Z - ✅ Post "Sega Genesis/Mega Drive: A Revolução da Velocidade e a Guerra dos Consoles" inserido com sucesso no Supabase com ID: 729219c5-4bfe-46d9-bb18-4ecf97ebfbe4
2025-06-12T01:19:04.409Z - Migrando post "Super Nintendo Entertainment System (SNES): A Era de Ouro dos 16 Bits" (2025-06-24-super-nintendo-entertainment-system-snes-a-era-de-ouro-dos-16-bits.json) com status "draft"...
2025-06-12T01:19:04.484Z - ✅ Post "Super Nintendo Entertainment System (SNES): A Era de Ouro dos 16 Bits" inserido com sucesso no Supabase com ID: 8a354f63-d82d-4f73-98a5-ab2b7a3e2416
2025-06-12T01:19:04.522Z - Migrando post "Os Jogos Perdidos: Clássicos que Nunca Foram Lançados ou Foram Esquecidos" (2025-06-25-os-jogos-perdidos-classicos-que-nunca-foram-lancados-ou-foram-esquecidos.json) com status "draft"...
2025-06-12T01:19:04.570Z - ✅ Post "Os Jogos Perdidos: Clássicos que Nunca Foram Lançados ou Foram Esquecidos" inserido com sucesso no Supabase com ID: 1ddd2178-7780-450f-9857-bb975a7db3fd
2025-06-12T01:19:04.628Z - ==== Migração Concluída ====
2025-06-12T01:19:04.628Z - Total de arquivos processados: 15
2025-06-12T01:19:04.628Z - Posts migrados com sucesso: 14
2025-06-12T01:19:04.628Z - Posts já existentes no Supabase: 0
2025-06-12T01:19:04.628Z - Posts com erros: 1
2025-06-12T01:19:04.628Z - Posts ignorados: 0
