2025-04-16T07:12:47.378Z - Iniciando verificação de posts agendados para 2025-04-16...
2025-04-16T07:12:47.382Z - Nenhum post para publicar hoje em 2025-W17.json.
2025-04-16T07:12:47.382Z - Nenhum post para publicar hoje em 2025-W18.json.
2025-04-16T07:12:47.382Z - Publicação concluída. Total de posts publicados: 0
2025-04-16T07:12:47.383Z - O post "A Revolução dos Consoles de 8-bits: NES e Master System" já está publicado.
2025-04-16T07:15:27.892Z - Post "A Era de Ouro dos Arcades: O Fenômeno Cultural dos Anos 80" foi marcado como publicado com sucesso!
2025-04-16T07:15:27.896Z - Categoria: Arcades, Tags: arcade, fliperama, anos 80, cultura pop, história, fenômeno social
2025-04-16T07:16:00.347Z - Post "Game Boy: Como o Portátil da Nintendo Conquistou o Mundo" foi marcado como publicado com sucesso!
2025-04-16T07:16:00.351Z - Categoria: Portáteis, Tags: Game Boy, Nintendo, portáteis, Tetris, Pokémon, história
2025-04-16T07:16:41.214Z - Post "A Batalha dos 16-bits: SNES vs. Mega Drive (Genesis)" foi marcado como publicado com sucesso!
2025-04-16T07:16:41.220Z - Categoria: Consoles, Tags: SNES, Mega Drive, Genesis, 16-bits, Nintendo, Sega, console wars
2025-04-16T07:35:46.956Z - Iniciando verificação de posts agendados para 2025-04-16...
2025-04-16T07:35:46.957Z - Nenhum post para publicar hoje.
2025-04-16T07:38:26.372Z - Iniciando verificação de posts agendados para 2025-04-16...
2025-04-16T07:38:26.372Z - Publicando 1 post para hoje: "A Era de Ouro dos Arcades: O Fenômeno Cultural dos Anos 80"
2025-04-16T07:38:26.799Z - Post "A Era de Ouro dos Arcades: O Fenômeno Cultural dos Anos 80" inserido com sucesso no Supabase com ID: ac25f44a-6914-4987-a4e2-f7012539db7d
2025-04-16T07:38:26.800Z - Arquivo 2025-W18.json atualizado, post marcado como publicado.
2025-04-16T07:38:26.800Z - Publicação concluída com sucesso. 1 post publicado.
2025-04-16T07:42:15.791Z - Iniciando verificação de posts agendados para 2025-04-16...
2025-04-16T07:42:15.792Z - Nenhum post para publicar hoje.
2025-04-16T17:23:15.069Z - Iniciando verificação de posts agendados para 2025-04-16...
2025-04-16T17:23:15.095Z - Nenhum post para publicar hoje.
